<?xml version="1.0" encoding="UTF-8"?>
<!-- Generated by org.testng.reporters.JUnitXMLReporter -->
<testsuite ignored="0" hostname="INGBTCPIC6NB767" failures="0" tests="2" name="Default test" time="34.629" errors="0" timestamp="2024-07-25T14:43:09 IST">
  <testcase classname="io.cucumber.testng.AbstractTestNGCucumberTests" name="runScenario" time="9.141"/>
  <testcase classname="io.cucumber.testng.AbstractTestNGCucumberTests" name="runScenario" time="24.964"/>
</testsuite> <!-- Default test -->
