<?xml version="1.0" encoding="UTF-8"?>
<testng-results ignored="0" total="2" passed="2" failed="0" skipped="0">
  <reporter-output>
  </reporter-output>
  <suite started-at="2024-07-25T14:42:35 IST" name="Default suite" finished-at="2024-07-25T14:43:09 IST" duration-ms="34629">
    <groups>
      <group name="cucumber">
        <method signature="AbstractTestNGCucumberTests.runScenario(io.cucumber.testng.PickleWrapper,io.cucumber.testng.FeatureWrapper)[pri:0, instance:com.clarivate.task.frontendautomation.runner.TestRunner@229f66ed]" name="runScenario" class="io.cucumber.testng.AbstractTestNGCucumberTests"/>
      </group> <!-- cucumber -->
    </groups>
    <test started-at="2024-07-25T14:42:35 IST" name="Default test" finished-at="2024-07-25T14:43:09 IST" duration-ms="34629">
      <class name="com.clarivate.task.frontendautomation.runner.TestRunner">
        <test-method is-config="true" signature="setUpClass(org.testng.ITestContext)[pri:0, instance:com.clarivate.task.frontendautomation.runner.TestRunner@229f66ed]" started-at="2024-07-25T14:42:35 IST" name="setUpClass" finished-at="2024-07-25T14:42:35 IST" duration-ms="476" status="PASS">
          <params>
            <param index="0">
              <value>
                <![CDATA[org.testng.TestRunner@67f3d192]]>
              </value>
            </param>
          </params>
          <reporter-output>
          </reporter-output>
        </test-method> <!-- setUpClass -->
        <test-method signature="runScenario(io.cucumber.testng.PickleWrapper,io.cucumber.testng.FeatureWrapper)[pri:0, instance:com.clarivate.task.frontendautomation.runner.TestRunner@229f66ed]" started-at="2024-07-25T14:42:35 IST" name="runScenario" description="Runs Cucumber Scenarios" data-provider="scenarios" finished-at="2024-07-25T14:42:44 IST" duration-ms="9141" status="PASS">
          <params>
            <param index="0">
              <value>
                <![CDATA["write the titles of all results on the first page to a text file"]]>
              </value>
            </param>
            <param index="1">
              <value>
                <![CDATA["Google Search and Clarivate careers"]]>
              </value>
            </param>
          </params>
          <reporter-output>
          </reporter-output>
        </test-method> <!-- runScenario -->
        <test-method signature="runScenario(io.cucumber.testng.PickleWrapper,io.cucumber.testng.FeatureWrapper)[pri:0, instance:com.clarivate.task.frontendautomation.runner.TestRunner@229f66ed]" started-at="2024-07-25T14:42:44 IST" name="runScenario" description="Runs Cucumber Scenarios" data-provider="scenarios" finished-at="2024-07-25T14:43:09 IST" duration-ms="24964" status="PASS">
          <params>
            <param index="0">
              <value>
                <![CDATA["Filter Technology jobs in Bangalore"]]>
              </value>
            </param>
            <param index="1">
              <value>
                <![CDATA["Google Search and Clarivate careers"]]>
              </value>
            </param>
          </params>
          <reporter-output>
          </reporter-output>
        </test-method> <!-- runScenario -->
        <test-method is-config="true" signature="tearDownClass()[pri:0, instance:com.clarivate.task.frontendautomation.runner.TestRunner@229f66ed]" started-at="2024-07-25T14:43:09 IST" name="tearDownClass" finished-at="2024-07-25T14:43:09 IST" duration-ms="12" status="PASS">
          <reporter-output>
          </reporter-output>
        </test-method> <!-- tearDownClass -->
      </class> <!-- com.clarivate.task.frontendautomation.runner.TestRunner -->
    </test> <!-- Default test -->
  </suite> <!-- Default suite -->
</testng-results>
