<?xml version="1.0" encoding="UTF-8"?>
<testng-results ignored="0" total="3" passed="3" failed="0" skipped="0">
  <reporter-output>
  </reporter-output>
  <suite started-at="2024-07-25T14:37:56 IST" name="Default suite" finished-at="2024-07-25T14:38:02 IST" duration-ms="5851">
    <groups>
    </groups>
    <test started-at="2024-07-25T14:37:56 IST" name="Default test" finished-at="2024-07-25T14:38:02 IST" duration-ms="5851">
      <class name="com.clarivate.task.apiautomation.tests.RestCountriesAPITest">
        <test-method is-config="true" signature="setup()[pri:0, instance:com.clarivate.task.apiautomation.tests.RestCountriesAPITest@1bd4fdd]" started-at="2024-07-25T14:37:56 IST" name="setup" finished-at="2024-07-25T14:37:57 IST" duration-ms="418" status="PASS">
          <reporter-output>
          </reporter-output>
        </test-method> <!-- setup -->
        <test-method signature="getCountryByCode()[pri:0, instance:com.clarivate.task.apiautomation.tests.RestCountriesAPITest@1bd4fdd]" started-at="2024-07-25T14:37:57 IST" name="getCountryByCode" finished-at="2024-07-25T14:37:59 IST" duration-ms="2714" status="PASS">
          <reporter-output>
          </reporter-output>
        </test-method> <!-- getCountryByCode -->
        <test-method signature="testGetCountryByName()[pri:0, instance:com.clarivate.task.apiautomation.tests.RestCountriesAPITest@1bd4fdd]" started-at="2024-07-25T14:37:59 IST" name="testGetCountryByName" finished-at="2024-07-25T14:38:01 IST" duration-ms="1350" status="PASS">
          <reporter-output>
          </reporter-output>
        </test-method> <!-- testGetCountryByName -->
        <test-method signature="validateCurrency()[pri:0, instance:com.clarivate.task.apiautomation.tests.RestCountriesAPITest@1bd4fdd]" started-at="2024-07-25T14:38:01 IST" name="validateCurrency" finished-at="2024-07-25T14:38:02 IST" duration-ms="1336" status="PASS">
          <reporter-output>
          </reporter-output>
        </test-method> <!-- validateCurrency -->
      </class> <!-- com.clarivate.task.apiautomation.tests.RestCountriesAPITest -->
    </test> <!-- Default test -->
  </suite> <!-- Default suite -->
</testng-results>
