<?xml version="1.0" encoding="UTF-8"?>
<!-- Generated by org.testng.reporters.JUnitXMLReporter -->
<testsuite ignored="1" hostname="INGBTCPIC6NB767" failures="0" tests="3" name="Default test" time="5.851" errors="0" timestamp="2024-07-25T14:38:02 IST">
  <testcase classname="com.clarivate.task.apiautomation.tests.RestCountriesAPITest" name="getCountryByCode" time="2.714"/>
  <testcase classname="com.clarivate.task.apiautomation.tests.RestCountriesAPITest" name="testGetCountryByName" time="1.35"/>
  <testcase classname="com.clarivate.task.apiautomation.tests.RestCountriesAPITest" name="validateCurrency" time="1.336"/>
  <testcase classname="com.clarivate.task.apiautomation.utils.BaseTest" name="@BeforeTest setup" time="0.0">
    <ignored/>
  </testcase> <!-- @BeforeTest setup -->
</testsuite> <!-- Default test -->
